[2025-06-28 21:55:48] Log file cleared by user
[2025-06-28 21:55:54] Dashboard accessed - GitHub connection status: Connected
[2025-06-28 21:57:40] Dashboard accessed - GitHub connection status: Connected
[2025-06-28 21:57:42] Dashboard accessed - GitHub connection status: Connected
[2025-06-28 22:08:30] Dashboard accessed - GitHub connection status: Connected
[2025-06-28 23:33:57] Automatic README update triggered - 1 hour has passed
[2025-06-28 23:33:57] Starting README update for 1 selected repositories
[2025-06-28 23:33:57] Processing selected repository: Campus-connect
[2025-06-28 23:33:57] Updating README for repository: Campus-connect
[2025-06-28 23:33:58] Found existing README with SHA: cd969fec72a78e74fa9a06b57d8a195d9f7b2e39
[2025-06-28 23:33:58] Generated new README content (1114 characters)
[2025-06-28 23:33:59] ✅ README updated successfully for Campus-connect
[2025-06-28 23:33:59] Selected repository update completed. Updated: 1, Failed: 0
[2025-06-28 23:33:59] Automatic README update completed successfully
[2025-06-28 23:34:01] Dashboard accessed - GitHub connection status: Connected
[2025-06-29 11:41:38] Automatic README update triggered - 1 hour has passed
[2025-06-29 11:41:38] Starting README update for 1 selected repositories
[2025-06-29 11:41:38] Processing selected repository: Campus-connect
[2025-06-29 11:41:38] Updating README for repository: Campus-connect
[2025-06-29 11:41:39] Found existing README with SHA: bf5bda8ee371e31d602317dac65505f3965a1716
[2025-06-29 11:41:39] Generated new README content (1112 characters)
[2025-06-29 11:41:42] ✅ README updated successfully for Campus-connect
[2025-06-29 11:41:42] Selected repository update completed. Updated: 1, Failed: 0
[2025-06-29 11:41:42] Automatic README update completed successfully
[2025-06-29 11:41:44] Dashboard accessed - GitHub connection status: Connected
[2025-06-29 12:01:07] Dashboard accessed - GitHub connection status: Connected
[2025-06-29 12:02:23] Dashboard accessed - GitHub connection status: Connected
[2025-06-29 12:02:25] Dashboard accessed - GitHub connection status: Connected
[2025-06-29 12:05:57] Dashboard accessed - GitHub connection status: Connected
[2025-06-29 12:06:10] Dashboard accessed - GitHub connection status: Connected
[2025-06-29 12:06:23] Dashboard accessed - GitHub connection status: Connected
[2025-06-29 12:06:40] Dashboard accessed - GitHub connection status: Connected
[2025-06-29 12:07:14] Dashboard accessed - GitHub connection status: Connected
[2025-06-29 12:07:31] Dashboard accessed - GitHub connection status: Connected
[2025-06-29 12:08:04] Dashboard accessed - GitHub connection status: Connected
[2025-06-29 12:09:05] Dashboard accessed - GitHub connection status: Connected
[2025-06-29 12:09:31] Starting README update for 1 selected repositories
[2025-06-29 12:09:31] Processing selected repository: Campus-connect
[2025-06-29 12:09:31] Updating README for repository: Campus-connect
[2025-06-29 12:09:32] Found existing README with SHA: 69e2bc6450b9936d350cf37d618a4cd4117c18c5
[2025-06-29 12:09:32] Generated new README content (1112 characters)
[2025-06-29 12:09:34] ✅ README updated successfully for Campus-connect
[2025-06-29 12:09:34] Selected repository update completed. Updated: 1, Failed: 0
[2025-06-29 12:09:45] Dashboard accessed - GitHub connection status: Connected
[2025-06-29 12:10:26] Dashboard accessed - GitHub connection status: Connected
[2025-06-29 12:12:17] Starting README update for 1 selected repositories
[2025-06-29 12:12:17] Processing selected repository: Campus-connect
[2025-06-29 12:12:17] Updating README for repository: Campus-connect
[2025-06-29 12:12:18] Found existing README with SHA: 2979eedd976b6ac378fa70e52a1a7087e6ec5f67
[2025-06-29 12:12:18] Generated new README content (1112 characters)
[2025-06-29 12:12:20] ✅ README updated successfully for Campus-connect
[2025-06-29 12:12:20] Selected repository update completed. Updated: 1, Failed: 0
[2025-06-29 12:14:42] Dashboard accessed - GitHub connection status: Connected
[2025-06-29 21:00:35] Automatic README update triggered - 1 hour has passed
[2025-06-29 21:00:35] Starting README update for 1 selected repositories
[2025-06-29 21:00:35] Processing selected repository: Campus-connect
[2025-06-29 21:00:35] Updating README for repository: Campus-connect
[2025-06-29 21:00:36] Found existing README with SHA: a6b9ed62579c694a94bb9b658d0b7bcf6bf86303
[2025-06-29 21:00:36] Generated new README content (1112 characters)
[2025-06-29 21:00:37] ✅ README updated successfully for Campus-connect
[2025-06-29 21:00:37] Selected repository update completed. Updated: 1, Failed: 0
[2025-06-29 21:00:37] Automatic README update completed successfully
[2025-06-29 21:00:39] Dashboard accessed - GitHub connection status: Connected
[2025-06-30 01:29:55] Automatic README update triggered - 1 hour has passed
[2025-06-30 01:29:55] Starting README update for 1 selected repositories
[2025-06-30 01:29:55] Processing selected repository: Campus-connect
[2025-06-30 01:29:55] Updating README for repository: Campus-connect
[2025-06-30 01:29:56] Found existing README with SHA: 2e8ec61d3051f58c8fb3844a3329041f434617d0
[2025-06-30 01:29:56] Generated new README content (1112 characters)
[2025-06-30 01:29:57] ✅ README updated successfully for Campus-connect
[2025-06-30 01:29:57] Selected repository update completed. Updated: 1, Failed: 0
[2025-06-30 01:29:57] Automatic README update completed successfully
[2025-06-30 01:29:59] Dashboard accessed - GitHub connection status: Connected
[2025-06-30 01:29:59] Dashboard accessed - GitHub connection status: Connected
[2025-06-30 01:29:59] Dashboard accessed - GitHub connection status: Connected
[2025-06-30 19:45:22] Automatic README update triggered - 1 hour has passed
[2025-06-30 19:45:22] Starting README update for 1 selected repositories
[2025-06-30 19:45:22] Processing selected repository: Campus-connect
[2025-06-30 19:45:22] Updating README for repository: Campus-connect
[2025-06-30 19:45:23] Found existing README with SHA: ee46c49c96ee012edb7d79ef9861c6b31ceb3223
[2025-06-30 19:45:23] Generated new README content (1112 characters)
[2025-06-30 19:45:24] ✅ README updated successfully for Campus-connect
[2025-06-30 19:45:24] Selected repository update completed. Updated: 1, Failed: 0
[2025-06-30 19:45:24] Automatic README update completed successfully
[2025-06-30 19:45:26] Dashboard accessed - GitHub connection status: Connected
[2025-06-30 19:45:41] Starting README update for 1 selected repositories
[2025-06-30 19:45:41] Processing selected repository: Campus-connect
[2025-06-30 19:45:41] Updating README for repository: Campus-connect
[2025-06-30 19:45:41] Found existing README with SHA: d49a6240b9cae61d88f63d586999465cb104f0d0
[2025-06-30 19:45:41] Generated new README content (1112 characters)
[2025-06-30 19:45:43] ✅ README updated successfully for Campus-connect
[2025-06-30 19:45:43] Selected repository update completed. Updated: 1, Failed: 0
[2025-07-02 00:36:41] Automatic README update triggered - 1 hour has passed
[2025-07-02 00:36:41] Starting README update for 1 selected repositories
[2025-07-02 00:36:41] Processing selected repository: Campus-connect
[2025-07-02 00:36:41] Updating README for repository: Campus-connect
[2025-07-02 00:36:42] Found existing README with SHA: 51f88de511bf911c67332e9f5636d52e3b430b8e
[2025-07-02 00:36:42] Generated new README content (1115 characters)
[2025-07-02 00:36:43] ✅ README updated successfully for Campus-connect
[2025-07-02 00:36:43] Selected repository update completed. Updated: 1, Failed: 0
[2025-07-02 00:36:43] Automatic README update completed successfully
[2025-07-02 00:36:45] Dashboard accessed - GitHub connection status: Connected
[2025-07-02 00:36:53] Starting README update for 1 selected repositories
[2025-07-02 00:36:53] Processing selected repository: Campus-connect
[2025-07-02 00:36:53] Updating README for repository: Campus-connect
[2025-07-02 00:36:54] Found existing README with SHA: f547602bdda67d0c45fde91429ae657f8815183c
[2025-07-02 00:36:54] Generated new README content (1115 characters)
[2025-07-02 00:36:56] ✅ README updated successfully for Campus-connect
[2025-07-02 00:36:56] Selected repository update completed. Updated: 1, Failed: 0
[2025-07-02 00:37:00] Starting README update for 1 selected repositories
[2025-07-02 00:37:00] Processing selected repository: Campus-connect
[2025-07-02 00:37:00] Updating README for repository: Campus-connect
[2025-07-02 00:37:00] Found existing README with SHA: 8540c84036524d1ecf94dee23cafa39d8eec6d24
[2025-07-02 00:37:00] Generated new README content (1115 characters)
[2025-07-02 00:37:01] ✅ README updated successfully for Campus-connect
[2025-07-02 00:37:01] Selected repository update completed. Updated: 1, Failed: 0
[2025-07-03 17:17:06] Automatic README update triggered - 1 hour has passed
[2025-07-03 17:17:06] Starting README update for 1 selected repositories
[2025-07-03 17:17:06] Processing selected repository: Campus-connect
[2025-07-03 17:17:06] Updating README for repository: Campus-connect
[2025-07-03 17:17:07] Found existing README with SHA: ea72ce28c26459b40103a0445320f7e654fed7cc
[2025-07-03 17:17:07] Generated new README content (1114 characters)
[2025-07-03 17:17:08] ✅ README updated successfully for Campus-connect
[2025-07-03 17:17:08] Selected repository update completed. Updated: 1, Failed: 0
[2025-07-03 17:17:08] Automatic README update completed successfully
[2025-07-03 17:17:09] Dashboard accessed - GitHub connection status: Connected
[2025-07-03 17:17:41] Starting README update for 1 selected repositories
[2025-07-03 17:17:41] Processing selected repository: Campus-connect
[2025-07-03 17:17:41] Updating README for repository: Campus-connect
[2025-07-03 17:17:42] Found existing README with SHA: 7bfef3cfd4939404b84454ef62f2faddb851554d
[2025-07-03 17:17:42] Generated new README content (1114 characters)
[2025-07-03 17:17:43] ✅ README updated successfully for Campus-connect
[2025-07-03 17:17:43] Selected repository update completed. Updated: 1, Failed: 0
[2025-07-03 17:17:46] Starting README update for 1 selected repositories
[2025-07-03 17:17:46] Processing selected repository: Campus-connect
[2025-07-03 17:17:46] Updating README for repository: Campus-connect
[2025-07-03 17:17:47] Found existing README with SHA: 434f802520b1efa5594bcbed6d3e485df0789dfb
[2025-07-03 17:17:47] Generated new README content (1114 characters)
[2025-07-03 17:17:48] ✅ README updated successfully for Campus-connect
[2025-07-03 17:17:48] Selected repository update completed. Updated: 1, Failed: 0
[2025-07-03 20:40:20] Starting README update for 1 selected repositories
[2025-07-03 20:40:20] Processing selected repository: Campus-connect
[2025-07-03 20:40:20] Updating README for repository: Campus-connect
[2025-07-03 20:40:21] Found existing README with SHA: 8fcacc74218d5b33d2e05ef53516b0c623362a90
[2025-07-03 20:40:21] Generated new README content (1114 characters)
[2025-07-03 20:40:22] ✅ README updated successfully for Campus-connect
[2025-07-03 20:40:22] Selected repository update completed. Updated: 1, Failed: 0
[2025-07-04 10:16:01] Automatic README update triggered - 1 hour has passed
[2025-07-04 10:16:01] Starting README update for 1 selected repositories
[2025-07-04 10:16:01] Processing selected repository: Campus-connect
[2025-07-04 10:16:01] Updating README for repository: Campus-connect
[2025-07-04 10:16:02] Found existing README with SHA: 686ad60ec5d4ca009f8f770312ae8ea68835f3a2
[2025-07-04 10:16:02] Generated new README content (1112 characters)
[2025-07-04 10:16:03] ✅ README updated successfully for Campus-connect
[2025-07-04 10:16:03] Selected repository update completed. Updated: 1, Failed: 0
[2025-07-04 10:16:03] Automatic README update completed successfully
[2025-07-04 10:16:05] Dashboard accessed - GitHub connection status: Connected
[2025-07-04 10:16:19] Starting README update for 1 selected repositories
[2025-07-04 10:16:19] Processing selected repository: Campus-connect
[2025-07-04 10:16:19] Updating README for repository: Campus-connect
[2025-07-04 10:16:20] Found existing README with SHA: ca59618f7052657525399621bd2090abc40200bf
[2025-07-04 10:16:20] Generated new README content (1112 characters)
[2025-07-04 10:16:21] ✅ README updated successfully for Campus-connect
[2025-07-04 10:16:21] Selected repository update completed. Updated: 1, Failed: 0
[2025-07-04 10:16:47] Dashboard accessed - GitHub connection status: Connected
[2025-07-04 19:33:57] Automatic README update triggered - 1 hour has passed
[2025-07-04 19:33:57] Starting README update for 1 selected repositories
[2025-07-04 19:33:57] Processing selected repository: Campus-connect
[2025-07-04 19:33:57] Updating README for repository: Campus-connect
[2025-07-04 19:33:58] Found existing README with SHA: 3743382c9b888a4aeb7ba240b6eb95a9d3560907
[2025-07-04 19:33:58] Generated new README content (1112 characters)
[2025-07-04 19:33:59] ✅ README updated successfully for Campus-connect
[2025-07-04 19:33:59] Selected repository update completed. Updated: 1, Failed: 0
[2025-07-04 19:33:59] Automatic README update completed successfully
[2025-07-04 19:34:01] Dashboard accessed - GitHub connection status: Connected
[2025-07-04 19:34:16] Starting README update for 1 selected repositories
[2025-07-04 19:34:16] Processing selected repository: Campus-connect
[2025-07-04 19:34:16] Updating README for repository: Campus-connect
[2025-07-04 19:34:17] Found existing README with SHA: 65e9c5f8629bd52c04f26c938a136c71e2d0a9e4
[2025-07-04 19:34:17] Generated new README content (1112 characters)
[2025-07-04 19:34:18] ✅ README updated successfully for Campus-connect
[2025-07-04 19:34:18] Selected repository update completed. Updated: 1, Failed: 0
[2025-07-04 19:34:23] Dashboard accessed - GitHub connection status: Connected
[2025-07-04 19:35:04] Dashboard accessed - GitHub connection status: Connected
[2025-07-04 19:35:06] Searching through 4 repositories for existing projects...
[2025-07-04 19:35:06] Checking repo: Github-commit-automation
[2025-07-04 19:35:06] Checking repo: Campus-connect
[2025-07-04 19:35:06] Checking repo: FussionCord
[2025-07-04 19:35:06] Checking repo: Hostel_Management_System
[2025-07-04 19:35:06] Found 4 existing repositories
[2025-07-04 19:35:06] Generated unique project name: i79jGyUHR6
[2025-07-04 19:35:08] i79jGyUHR6 created successfully.
[2025-07-04 19:35:08] README template loaded and placeholders replaced successfully
[2025-07-04 19:35:08] README content length: 653 characters
[2025-07-04 19:35:08] Base64 encoded content length: 872 characters
[2025-07-04 19:35:08] Attempting to upload README.md to i79jGyUHR6...
[2025-07-04 19:35:09] README.md added to i79jGyUHR6 successfully.
[2025-07-04 19:35:09] Project creation process completed for i79jGyUHR6
[2025-07-04 19:36:34] Dashboard accessed - GitHub connection status: Connected
[2025-07-04 19:36:46] Selected repositories saved: i79jGyUHR6, Campus-connect
[2025-07-04 19:36:46] Manual README update for selected repositories: i79jGyUHR6, Campus-connect
[2025-07-04 19:36:46] Starting README update for 2 selected repositories
[2025-07-04 19:36:46] Processing selected repository: i79jGyUHR6
[2025-07-04 19:36:46] Updating README for repository: i79jGyUHR6
[2025-07-04 19:36:47] Found existing README with SHA: 621f2c7bcb005f6e6c21edd27423812ba4c64de4
[2025-07-04 19:36:47] Generated new README content (1108 characters)
[2025-07-04 19:36:49] ✅ README updated successfully for i79jGyUHR6
[2025-07-04 19:36:49] Processing selected repository: Campus-connect
[2025-07-04 19:36:49] Updating README for repository: Campus-connect
[2025-07-04 19:36:50] Found existing README with SHA: e38b2240b8b354b6650c2f6d4953773a1427d5d5
[2025-07-04 19:36:50] Generated new README content (1112 characters)
[2025-07-04 19:36:51] ✅ README updated successfully for Campus-connect
[2025-07-04 19:36:51] Selected repository update completed. Updated: 2, Failed: 0
[2025-07-04 19:36:51] Updating README for repository: i79jGyUHR6
[2025-07-04 19:36:52] Found existing README with SHA: 157f9866b6c860d46afde1e54c1f04d8daf4b9df
[2025-07-04 19:36:52] Generated new README content (1108 characters)
[2025-07-04 19:36:54] ✅ README updated successfully for i79jGyUHR6
[2025-07-04 19:36:54] Updating README for repository: Campus-connect
[2025-07-04 19:36:55] Found existing README with SHA: dc2ad3721c20fafeb506c5e2b9d83c19e6091025
[2025-07-04 19:36:55] Generated new README content (1112 characters)
[2025-07-04 19:36:57] ✅ README updated successfully for Campus-connect
[2025-07-04 19:36:57] Selected repository update completed. Updated: 2, Failed: 0
[2025-07-04 19:51:28] Dashboard accessed - GitHub connection status: Connected
[2025-07-04 19:51:34] Dashboard accessed - GitHub connection status: Connected
[2025-07-04 19:51:38] Dashboard accessed - GitHub connection status: Connected
[2025-07-04 19:51:49] Dashboard accessed - GitHub connection status: Connected
[2025-07-04 20:38:53] Automatic README update triggered - 1 hour has passed
[2025-07-04 20:38:53] Starting README update for 2 selected repositories
[2025-07-04 20:38:53] Processing selected repository: i79jGyUHR6
[2025-07-04 20:38:53] Updating README for repository: i79jGyUHR6
[2025-07-04 20:38:54] No existing README found or error getting current content
[2025-07-04 20:38:54] Generated new README content (1108 characters)
[2025-07-04 20:38:55] ❌ Failed to update README for i79jGyUHR6 - Status: 401
[2025-07-04 20:38:55] GitHub API Error: Bad credentials
[2025-07-04 20:38:55] Processing selected repository: Campus-connect
[2025-07-04 20:38:55] Updating README for repository: Campus-connect
[2025-07-04 20:38:56] No existing README found or error getting current content
[2025-07-04 20:38:56] Generated new README content (1112 characters)
[2025-07-04 20:38:57] ❌ Failed to update README for Campus-connect - Status: 401
[2025-07-04 20:38:57] GitHub API Error: Bad credentials
[2025-07-04 20:38:57] Selected repository update completed. Updated: 0, Failed: 2
[2025-07-04 20:38:57] Automatic README update failed
[2025-07-04 20:39:01] Dashboard accessed - GitHub connection status: Connected
[2025-07-04 23:33:09] Automatic README update triggered - 1 hour has passed
[2025-07-04 23:33:09] Starting README update for 2 selected repositories
[2025-07-04 23:33:09] Processing selected repository: i79jGyUHR6
[2025-07-04 23:33:09] Updating README for repository: i79jGyUHR6
[2025-07-04 23:33:10] No existing README found or error getting current content
[2025-07-04 23:33:10] Generated new README content (1108 characters)
[2025-07-04 23:33:11] ❌ Failed to update README for i79jGyUHR6 - Status: 401
[2025-07-04 23:33:11] GitHub API Error: Bad credentials
[2025-07-04 23:33:11] Processing selected repository: Campus-connect
[2025-07-04 23:33:11] Updating README for repository: Campus-connect
[2025-07-04 23:33:12] No existing README found or error getting current content
[2025-07-04 23:33:12] Generated new README content (1112 characters)
[2025-07-04 23:33:12] ❌ Failed to update README for Campus-connect - Status: 401
[2025-07-04 23:33:12] GitHub API Error: Bad credentials
[2025-07-04 23:33:12] Selected repository update completed. Updated: 0, Failed: 2
[2025-07-04 23:33:12] Automatic README update failed
[2025-07-04 23:33:14] Dashboard accessed - GitHub connection status: Connected
[2025-07-04 23:33:16] Dashboard accessed - GitHub connection status: Connected
[2025-07-04 23:45:09] Dashboard accessed - GitHub connection status: Connected
[2025-07-04 23:45:26] Dashboard accessed - GitHub connection status: Connected
[2025-07-04 23:49:07] Dashboard accessed - GitHub connection status: Connected
[2025-07-05 00:19:44] Dashboard accessed - GitHub connection status: Connected
[2025-07-05 00:19:58] Dashboard accessed - GitHub connection status: Connected
[2025-07-05 00:21:03] Dashboard accessed - GitHub connection status: Connected
[2025-07-05 00:23:53] Dashboard accessed - GitHub connection status: Connected
[2025-07-05 00:24:50] Dashboard accessed - GitHub connection status: Connected
[2025-07-05 00:25:53] Dashboard accessed - GitHub connection status: Connected
[2025-07-05 00:26:30] Dashboard accessed - GitHub connection status: Connected
[2025-07-05 00:29:44] Dashboard accessed - GitHub connection status: Connected
[2025-07-05 00:29:46] Dashboard accessed - GitHub connection status: Connected
[2025-07-05 00:31:20] Dashboard accessed - GitHub connection status: Connected
[2025-07-05 00:35:16] Automatic README update triggered - 1 hour has passed
[2025-07-05 00:35:16] Starting README update for 2 selected repositories
[2025-07-05 00:35:16] Processing selected repository: i79jGyUHR6
[2025-07-05 00:35:16] Updating README for repository: i79jGyUHR6
[2025-07-05 00:35:17] Found existing README with SHA: e6badc74c6f23a09ce5c2c0d5a423d826a655f42
[2025-07-05 00:35:17] Generated new README content (1110 characters)
[2025-07-05 00:35:19] ✅ README updated successfully for i79jGyUHR6
[2025-07-05 00:35:19] Processing selected repository: Campus-connect
[2025-07-05 00:35:19] Updating README for repository: Campus-connect
[2025-07-05 00:35:20] Found existing README with SHA: d3bb6bf2630c6c88fabb59f40ecaeb9685955f64
[2025-07-05 00:35:20] Generated new README content (1114 characters)
[2025-07-05 00:35:21] ✅ README updated successfully for Campus-connect
[2025-07-05 00:35:21] Selected repository update completed. Updated: 2, Failed: 0
[2025-07-05 00:35:21] Automatic README update completed successfully
[2025-07-05 00:35:24] Dashboard accessed - GitHub connection status: Connected
[2025-07-05 00:35:33] Dashboard accessed - GitHub connection status: Connected
[2025-07-05 00:35:36] Searching through 5 repositories for existing projects...
[2025-07-05 00:35:36] Checking repo: i79jGyUHR6
[2025-07-05 00:35:36] Checking repo: Github-commit-automation
[2025-07-05 00:35:36] Checking repo: Campus-connect
[2025-07-05 00:35:36] Checking repo: FussionCord
[2025-07-05 00:35:36] Checking repo: Hostel_Management_System
[2025-07-05 00:35:36] Found 5 existing repositories
[2025-07-05 00:35:36] Generated unique project name: lvspW0hxVT
[2025-07-05 00:35:38] lvspW0hxVT created successfully.
[2025-07-05 00:35:38] README template loaded and placeholders replaced successfully
[2025-07-05 00:35:38] README content length: 653 characters
[2025-07-05 00:35:38] Base64 encoded content length: 872 characters
[2025-07-05 00:35:38] Attempting to upload README.md to lvspW0hxVT...
[2025-07-05 00:35:39] README.md added to lvspW0hxVT successfully.
[2025-07-05 00:35:39] Project creation process completed for lvspW0hxVT
[2025-07-05 00:35:47] Dashboard accessed - GitHub connection status: Connected
[2025-07-05 00:37:47] Dashboard accessed - GitHub connection status: Connected
[2025-07-05 00:39:25] Dashboard accessed - GitHub connection status: Connected
[2025-07-05 00:41:37] Dashboard accessed - GitHub connection status: Connected
[2025-07-05 00:42:24] Dashboard accessed - GitHub connection status: Connected
[2025-07-05 00:45:05] Dashboard accessed - GitHub connection status: Connected
[2025-07-05 00:49:24] Dashboard accessed - GitHub connection status: Connected
[2025-07-05 00:50:56] Dashboard accessed - GitHub connection status: Connected
[2025-07-05 10:23:20] Automatic README update triggered - 60 minutes have passed.
[2025-07-05 10:23:20] Starting README update for 2 selected repositories
[2025-07-05 10:23:20] Processing selected repository: i79jGyUHR6
[2025-07-05 10:23:20] Updating README for repository: i79jGyUHR6
[2025-07-05 10:23:21] Found existing README with SHA: 1403453f3e452aa1e93f9ad8ebd23e44e513233f
[2025-07-05 10:23:21] Generated new README content (1110 characters)
[2025-07-05 10:23:22] ✅ README updated successfully for i79jGyUHR6
[2025-07-05 10:23:22] Processing selected repository: Campus-connect
[2025-07-05 10:23:22] Updating README for repository: Campus-connect
[2025-07-05 10:23:23] Found existing README with SHA: 962e93776402fe5f2c80cdb0db58809962fee100
[2025-07-05 10:23:23] Generated new README content (1114 characters)
[2025-07-05 10:23:24] ✅ README updated successfully for Campus-connect
[2025-07-05 10:23:24] Selected repository update completed. Updated: 2, Failed: 0
[2025-07-05 10:23:24] Automatic README update completed successfully. ✅
[2025-07-05 10:23:26] Dashboard accessed - GitHub connection status: Connected ✅
[2025-07-05 10:24:47] Dashboard accessed - GitHub connection status: Connected ✅
[2025-07-05 10:25:36] Dashboard accessed - GitHub connection status: Connected ✅
[2025-07-05 10:25:44] Dashboard accessed - GitHub connection status: Connected ✅
[2025-07-05 10:27:26] Dashboard accessed - GitHub connection status: Connected ✅
[2025-07-05 10:28:33] Dashboard accessed - GitHub connection status: Connected ✅
[2025-07-05 10:30:11] Dashboard accessed - GitHub connection status: Connected ✅
[2025-07-05 10:32:27] Dashboard accessed - GitHub connection status: Connected ✅
[2025-07-05 10:32:38] Dashboard accessed - GitHub connection status: Connected ✅
[2025-07-05 10:34:36] Dashboard accessed - GitHub connection status: Connected ✅
[2025-07-05 10:36:53] Dashboard accessed - GitHub connection status: Connected ✅
[2025-07-05 10:40:11] Dashboard accessed - GitHub connection status: Connected ✅
[2025-07-05 10:41:12] Dashboard accessed - GitHub connection status: Connected ✅
[2025-07-05 10:42:51] Dashboard accessed - GitHub connection status: Connected ✅
[2025-07-05 10:44:18] Dashboard accessed - GitHub connection status: Connected ✅
[2025-07-05 10:50:03] Dashboard accessed - GitHub connection status: Connected ✅
[2025-07-05 10:52:52] Searching through 6 repositories for existing projects...
[2025-07-05 10:52:52] Checking repo: lvspW0hxVT
[2025-07-05 10:52:52] Checking repo: i79jGyUHR6
[2025-07-05 10:52:52] Checking repo: Github-commit-automation
[2025-07-05 10:52:52] Checking repo: Campus-connect
[2025-07-05 10:52:52] Checking repo: FussionCord
[2025-07-05 10:52:52] Checking repo: Hostel_Management_System
[2025-07-05 10:52:52] Found 6 existing repositories
[2025-07-05 10:52:53] Generated unique project name: GrLah31SYF
[2025-07-05 10:52:54] GrLah31SYF created successfully.
[2025-07-05 10:52:54] README template loaded and placeholders replaced successfully
[2025-07-05 10:52:54] README content length: 653 characters
[2025-07-05 10:52:54] Base64 encoded content length: 872 characters
[2025-07-05 10:52:54] Attempting to upload README.md to GrLah31SYF...
[2025-07-05 10:52:55] README.md added to GrLah31SYF successfully.
[2025-07-05 10:52:55] Project creation process completed for GrLah31SYF
[2025-07-05 11:06:14] Dashboard accessed - GitHub connection status: Connected ✅
[2025-07-06 01:01:36] Automatic README update triggered - 60 minutes have passed.
[2025-07-06 01:01:36] Starting README update for 2 selected repositories
[2025-07-06 01:01:36] Processing selected repository: i79jGyUHR6
[2025-07-06 01:01:36] Updating README for repository: i79jGyUHR6
[2025-07-06 01:01:37] Found existing README with SHA: 9e139f236214b7f6327e3aaa968fd568860938c7
[2025-07-06 01:01:37] Generated new README content (1108 characters)
[2025-07-06 01:01:38] ✅ README updated successfully for i79jGyUHR6
[2025-07-06 01:01:38] Processing selected repository: Campus-connect
[2025-07-06 01:01:38] Updating README for repository: Campus-connect
[2025-07-06 01:01:39] Found existing README with SHA: 43c7b9fb1c08ad6edd9a64c1a6a4de31a6c78809
[2025-07-06 01:01:39] Generated new README content (1112 characters)
[2025-07-06 01:01:40] ✅ README updated successfully for Campus-connect
[2025-07-06 01:01:40] Selected repository update completed. Updated: 2, Failed: 0
[2025-07-06 01:01:40] Automatic README update completed successfully. ✅
[2025-07-06 01:01:42] Dashboard accessed - GitHub connection status: Connected ✅
[2025-07-06 01:05:06] Dashboard accessed - GitHub connection status: Connected ✅
